c:\users\benep\source\repos\spa_gdip\spa_gdip\x64\release\vc143.pdb
c:\users\benep\source\repos\spa_gdip\spa_gdip\x64\release\screen.nativecodeanalysis.sarif
c:\users\benep\source\repos\spa_gdip\spa_gdip\x64\release\screen.nativecodeanalysis.xml
c:\users\benep\source\repos\spa_gdip\spa_gdip\x64\release\spa_gdip.nativecodeanalysis.sarif
c:\users\benep\source\repos\spa_gdip\spa_gdip\x64\release\spa_gdip.nativecodeanalysis.xml
c:\users\benep\source\repos\spa_gdip\spa_gdip\x64\release\spa_gdip.obj
c:\users\benep\source\repos\spa_gdip\spa_gdip\x64\release\screen.obj
c:\users\benep\source\repos\spa_gdip\x64\release\spa_gdip.exe
c:\users\benep\source\repos\spa_gdip\spa_gdip\x64\release\spa_gdip.ipdb
c:\users\benep\source\repos\spa_gdip\x64\release\spa_gdip.pdb
c:\users\benep\source\repos\spa_gdip\spa_gdip\x64\release\spa_gdip.iobj
c:\users\benep\source\repos\spa_gdip\spa_gdip\x64\release\spa_gdip.res
c:\users\benep\source\repos\spa_gdip\spa_gdip\x64\release\vc.nativecodeanalysis.all.xml
c:\users\benep\source\repos\spa_gdip\spa_gdip\x64\release\spa_gdip.tlog\cl.command.1.tlog
c:\users\benep\source\repos\spa_gdip\spa_gdip\x64\release\spa_gdip.tlog\cl.read.1.tlog
c:\users\benep\source\repos\spa_gdip\spa_gdip\x64\release\spa_gdip.tlog\cl.write.1.tlog
c:\users\benep\source\repos\spa_gdip\spa_gdip\x64\release\spa_gdip.tlog\link.command.1.tlog
c:\users\benep\source\repos\spa_gdip\spa_gdip\x64\release\spa_gdip.tlog\link.read.1.tlog
c:\users\benep\source\repos\spa_gdip\spa_gdip\x64\release\spa_gdip.tlog\link.write.1.tlog
c:\users\benep\source\repos\spa_gdip\spa_gdip\x64\release\spa_gdip.tlog\rc.command.1.tlog
c:\users\benep\source\repos\spa_gdip\spa_gdip\x64\release\spa_gdip.tlog\rc.read.1.tlog
c:\users\benep\source\repos\spa_gdip\spa_gdip\x64\release\spa_gdip.tlog\rc.write.1.tlog
